<?xml version="1.0" encoding="UTF-8"?>
<!-- Generated by org.testng.reporters.JUnitReportReporter -->
<testsuite skipped="0" hostname="SELI130583" name="testNG.AutoScripts" tests="1" failures="0" timestamp="19 Nov 2019 09:46:27 GMT" time="5.849" errors="0">
  <testcase name="somename" time="5.849" classname="testNG.AutoScripts"/>
</testsuite> <!-- testNG.AutoScripts -->
